<?xml version="1.0" encoding="UTF-8"?>
<testng-results skipped="0" failed="0" ignored="0" total="2" passed="2">
  <reporter-output>
  </reporter-output>
  <suite name="OpencartSuite" duration-ms="62342" started-at="2022-04-05T23:47:16 IST" finished-at="2022-04-05T23:48:18 IST">
    <groups>
      <group name="regression">
        <method signature="TC_001_AccountRegistration.test_account_Registration()[pri:0, instance:testCases.TC_001_AccountRegistration@553a3d88]" name="test_account_Registration" class="testCases.TC_001_AccountRegistration"/>
      </group> <!-- regression -->
      <group name="sanity">
        <method signature="TC_002_Login.test_Login()[pri:0, instance:testCases.TC_002_Login@32eebfca]" name="test_Login" class="testCases.TC_002_Login"/>
      </group> <!-- sanity -->
      <group name="master">
        <method signature="TC_001_AccountRegistration.test_account_Registration()[pri:0, instance:testCases.TC_001_AccountRegistration@553a3d88]" name="test_account_Registration" class="testCases.TC_001_AccountRegistration"/>
        <method signature="TC_002_Login.test_Login()[pri:0, instance:testCases.TC_002_Login@32eebfca]" name="test_Login" class="testCases.TC_002_Login"/>
      </group> <!-- master -->
    </groups>
    <test name="OpencartTests" duration-ms="62342" started-at="2022-04-05T23:47:16 IST" finished-at="2022-04-05T23:48:18 IST">
      <class name="testCases.TC_001_AccountRegistration">
        <test-method status="PASS" signature="setup(java.lang.String)[pri:0, instance:testCases.TC_001_AccountRegistration@553a3d88]" name="setup" is-config="true" duration-ms="15104" started-at="2022-04-05T23:47:17 IST" finished-at="2022-04-05T23:47:32 IST">
          <params>
            <param index="0">
              <value>
                <![CDATA[chrome]]>
              </value>
            </param>
          </params>
          <reporter-output>
          </reporter-output>
        </test-method> <!-- setup -->
        <test-method status="PASS" signature="test_account_Registration()[pri:0, instance:testCases.TC_001_AccountRegistration@553a3d88]" name="test_account_Registration" duration-ms="13733" started-at="2022-04-05T23:47:32 IST" finished-at="2022-04-05T23:47:46 IST">
          <reporter-output>
          </reporter-output>
        </test-method> <!-- test_account_Registration -->
        <test-method status="PASS" signature="tearDown()[pri:0, instance:testCases.TC_001_AccountRegistration@553a3d88]" name="tearDown" is-config="true" duration-ms="7557" started-at="2022-04-05T23:47:46 IST" finished-at="2022-04-05T23:47:53 IST">
          <reporter-output>
          </reporter-output>
        </test-method> <!-- tearDown -->
      </class> <!-- testCases.TC_001_AccountRegistration -->
      <class name="testCases.TC_002_Login">
        <test-method status="PASS" signature="setup(java.lang.String)[pri:0, instance:testCases.TC_002_Login@32eebfca]" name="setup" is-config="true" duration-ms="3977" started-at="2022-04-05T23:47:53 IST" finished-at="2022-04-05T23:47:57 IST">
          <params>
            <param index="0">
              <value>
                <![CDATA[chrome]]>
              </value>
            </param>
          </params>
          <reporter-output>
          </reporter-output>
        </test-method> <!-- setup -->
        <test-method status="PASS" signature="test_Login()[pri:0, instance:testCases.TC_002_Login@32eebfca]" name="test_Login" duration-ms="11252" started-at="2022-04-05T23:47:57 IST" finished-at="2022-04-05T23:48:09 IST">
          <reporter-output>
          </reporter-output>
        </test-method> <!-- test_Login -->
        <test-method status="PASS" signature="tearDown()[pri:0, instance:testCases.TC_002_Login@32eebfca]" name="tearDown" is-config="true" duration-ms="9658" started-at="2022-04-05T23:48:09 IST" finished-at="2022-04-05T23:48:18 IST">
          <reporter-output>
          </reporter-output>
        </test-method> <!-- tearDown -->
      </class> <!-- testCases.TC_002_Login -->
    </test> <!-- OpencartTests -->
  </suite> <!-- OpencartSuite -->
</testng-results>
